Unity Editor version:    2023.2.20f1 (0e25a174756c)
Branch:                  2023.2/staging
Build type:              Release
Batch mode:              YES
macOS version:           Version 14.3 (Build 23D56)
Darwin version:          23.3.0
Architecture:            arm64
Running under Rosetta:   NO
Available memory:        18432 MB
Using pre-set license
Pro License: YES
2024-06-24 01:15:41.600 Unity[28782:2240572] WARNING: Secure coding is not enabled for restorable state! Enable secure coding by implementing NSApplicationDelegate.applicationSupportsSecureRestorableState: and returning YES.

COMMAND LINE ARGUMENTS:
/Applications/Unity/Hub/Editor/2023.2.20f1/Unity.app/Contents/MacOS/Unity
-adb2
-batchMode
-noUpm
-name
AssetImportWorker0
-projectPath
/Users/sunniva/Desktop/GMeeTalk-WebGL
-logFile
Logs/AssetImportWorker0.log
-srvPort
54477
-job-worker-count
5
-background-job-worker-count
8
-asset-garbage-collectors
1
Successfully changed project path to: /Users/sunniva/Desktop/GMeeTalk-WebGL
/Users/sunniva/Desktop/GMeeTalk-WebGL
[UnityMemory] Configuration Parameters - Can be set up in boot.config
    "memorysetup-bucket-allocator-granularity=16"
    "memorysetup-bucket-allocator-bucket-count=8"
    "memorysetup-bucket-allocator-block-size=33554432"
    "memorysetup-bucket-allocator-block-count=8"
    "memorysetup-main-allocator-block-size=16777216"
    "memorysetup-thread-allocator-block-size=16777216"
    "memorysetup-gfx-main-allocator-block-size=16777216"
    "memorysetup-gfx-thread-allocator-block-size=16777216"
    "memorysetup-cache-allocator-block-size=4194304"
    "memorysetup-typetree-allocator-block-size=2097152"
    "memorysetup-profiler-bucket-allocator-granularity=16"
    "memorysetup-profiler-bucket-allocator-bucket-count=8"
    "memorysetup-profiler-bucket-allocator-block-size=33554432"
    "memorysetup-profiler-bucket-allocator-block-count=8"
    "memorysetup-profiler-allocator-block-size=16777216"
    "memorysetup-profiler-editor-allocator-block-size=1048576"
    "memorysetup-temp-allocator-size-main=16777216"
    "memorysetup-job-temp-allocator-block-size=2097152"
    "memorysetup-job-temp-allocator-block-size-background=1048576"
    "memorysetup-job-temp-allocator-reduction-small-platforms=262144"
    "memorysetup-allocator-temp-initial-block-size-main=262144"
    "memorysetup-allocator-temp-initial-block-size-worker=262144"
    "memorysetup-temp-allocator-size-background-worker=32768"
    "memorysetup-temp-allocator-size-job-worker=262144"
    "memorysetup-temp-allocator-size-preload-manager=33554432"
    "memorysetup-temp-allocator-size-nav-mesh-worker=65536"
    "memorysetup-temp-allocator-size-audio-worker=65536"
    "memorysetup-temp-allocator-size-cloud-worker=32768"
    "memorysetup-temp-allocator-size-gi-baking-worker=262144"
    "memorysetup-temp-allocator-size-gi-baking-worker=262144"
    "memorysetup-temp-allocator-size-gi-baking-worker=262144"
    "memorysetup-temp-allocator-size-gi-baking-worker=262144"
    "memorysetup-temp-allocator-size-gfx=262144"
Player connection [7921933376] Host "[IP] 192.168.0.189 [Port] 0 [Flags] 2 [Guid] 1854512030 [EditorId] 1854512030 [Version] 1048832 [Id] OSXEditor(0,Sunnivas-MacBook-M3.local) [Debug] 1 [PackageName] OSXEditor [ProjectName] Editor" joined multi-casting on [225.0.0.222:54997]...
Player connection [7921933376] Host "[IP] 192.168.0.189 [Port] 0 [Flags] 2 [Guid] 1854512030 [EditorId] 1854512030 [Version] 1048832 [Id] OSXEditor(0,Sunnivas-MacBook-M3.local) [Debug] 1 [PackageName] OSXEditor [ProjectName] Editor" joined alternative multi-casting on [225.0.0.222:34997]...
JobSystem: Creating JobQueue using job-worker-count value 5
[Physics::Module] Initialized MultithreadedJobDispatcher with 5 workers.
Library Redirect Path: Library/
Refreshing native plugins compatible for Editor in 1.30 ms, found 3 plugins.
Preloading 0 native plugins for Editor in 0.00 ms.
Initialize engine version: 2023.2.20f1 (0e25a174756c)
[Subsystems] Discovering subsystems at path /Applications/Unity/Hub/Editor/2023.2.20f1/Unity.app/Contents/Resources/UnitySubsystems
[Subsystems] Discovering subsystems at path /Users/sunniva/Desktop/GMeeTalk-WebGL/Assets
GfxDevice: creating device client; kGfxThreadingModeNonThreaded
 preferred device: Apple M3 Pro (high power)
Metal devices available: 1
0: Apple M3 Pro (high power)
Using device Apple M3 Pro (high power)
Initializing Metal device caps: Apple M3 Pro
Initialize mono
Mono path[0] = '/Applications/Unity/Hub/Editor/2023.2.20f1/Unity.app/Contents/Managed'
Mono path[1] = '/Applications/Unity/Hub/Editor/2023.2.20f1/Unity.app/Contents/MonoBleedingEdge/lib/mono/unityjit-macos'
Mono config path = '/Applications/Unity/Hub/Editor/2023.2.20f1/Unity.app/Contents/MonoBleedingEdge/etc'
Using monoOptions --debugger-agent=transport=dt_socket,embedding=1,server=y,suspend=n,address=127.0.0.1:56782
Begin MonoManager ReloadAssembly
Registering precompiled unity dll's ...
Register platform support module: /Applications/Unity/Hub/Editor/2023.2.20f1/PlaybackEngines/WebGLSupport/UnityEditor.WebGL.Extensions.dll
Register platform support module: /Applications/Unity/Hub/Editor/2023.2.20f1/Unity.app/Contents/PlaybackEngines/MacStandaloneSupport/UnityEditor.OSXStandalone.Extensions.dll
Register platform support module: /Applications/Unity/Hub/Editor/2023.2.20f1/PlaybackEngines/AndroidPlayer/UnityEditor.Android.Extensions.dll
Registered in 0.004874 seconds.
- Loaded All Assemblies, in  0.232 seconds
Native extension for Android target not found
Android Extension - Scanning For ADB Devices 51 ms
Native extension for OSXStandalone target not found
Native extension for WebGL target not found
Mono: successfully reloaded assembly
- Finished resetting the current domain, in  0.288 seconds
Domain Reload Profiling: 520ms
	BeginReloadAssembly (69ms)
		ExecutionOrderSort (0ms)
		DisableScriptedObjects (0ms)
		BackupInstance (0ms)
		ReleaseScriptingObjects (0ms)
		CreateAndSetChildDomain (0ms)
	RebuildCommonClasses (22ms)
	RebuildNativeTypeToScriptingClass (8ms)
	initialDomainReloadingComplete (29ms)
	LoadAllAssembliesAndSetupDomain (103ms)
		LoadAssemblies (70ms)
		RebuildTransferFunctionScriptingTraits (0ms)
		AnalyzeDomain (100ms)
			TypeCache.Refresh (100ms)
				TypeCache.ScanAssembly (92ms)
			BuildScriptInfoCaches (0ms)
			ResolveRequiredComponents (0ms)
	FinalizeReload (288ms)
		ReleaseScriptCaches (0ms)
		RebuildScriptCaches (0ms)
		SetupLoadedEditorAssemblies (254ms)
			LogAssemblyErrors (0ms)
			InitializePlatformSupportModulesInManaged (129ms)
			SetLoadedEditorAssemblies (2ms)
			BeforeProcessingInitializeOnLoad (2ms)
			ProcessInitializeOnLoadAttributes (87ms)
			ProcessInitializeOnLoadMethodAttributes (33ms)
			AfterProcessingInitializeOnLoad (0ms)
			EditorAssembliesLoaded (0ms)
		ExecutionOrderSort2 (0ms)
		AwakeInstancesAfterBackupRestoration (0ms)
========================================================================
Worker process is ready to serve import requests
Import Worker Mode flag is 0x00
Begin MonoManager ReloadAssembly
Symbol file LoadedFromMemory doesn't match image /Users/sunniva/Desktop/GMeeTalk-WebGL/Library/PackageCache/com.unity.visualscripting@1.8.0/Editor/VisualScripting.Core/Dependencies/YamlDotNet/Unity.VisualScripting.YamlDotNet.dll
Symbol file LoadedFromMemory doesn't match image /Users/sunniva/Desktop/GMeeTalk-WebGL/Library/PackageCache/com.unity.visualscripting@1.8.0/Editor/VisualScripting.Core/Dependencies/DotNetZip/Unity.VisualScripting.IonicZip.dll
Symbol file LoadedFromMemory is not a mono symbol file
- Loaded All Assemblies, in  0.633 seconds
Refreshing native plugins compatible for Editor in 0.24 ms, found 3 plugins.
Native extension for Android target not found
Native extension for OSXStandalone target not found
Native extension for WebGL target not found
Mono: successfully reloaded assembly
- Finished resetting the current domain, in  0.350 seconds
Domain Reload Profiling: 983ms
	BeginReloadAssembly (288ms)
		ExecutionOrderSort (0ms)
		DisableScriptedObjects (3ms)
		BackupInstance (0ms)
		ReleaseScriptingObjects (0ms)
		CreateAndSetChildDomain (25ms)
	RebuildCommonClasses (23ms)
	RebuildNativeTypeToScriptingClass (9ms)
	initialDomainReloadingComplete (20ms)
	LoadAllAssembliesAndSetupDomain (293ms)
		LoadAssemblies (192ms)
		RebuildTransferFunctionScriptingTraits (0ms)
		AnalyzeDomain (129ms)
			TypeCache.Refresh (112ms)
				TypeCache.ScanAssembly (98ms)
			BuildScriptInfoCaches (12ms)
			ResolveRequiredComponents (3ms)
	FinalizeReload (350ms)
		ReleaseScriptCaches (0ms)
		RebuildScriptCaches (0ms)
		SetupLoadedEditorAssemblies (235ms)
			LogAssemblyErrors (0ms)
			InitializePlatformSupportModulesInManaged (11ms)
			SetLoadedEditorAssemblies (3ms)
			BeforeProcessingInitializeOnLoad (23ms)
			ProcessInitializeOnLoadAttributes (185ms)
			ProcessInitializeOnLoadMethodAttributes (12ms)
			AfterProcessingInitializeOnLoad (0ms)
			EditorAssembliesLoaded (0ms)
		ExecutionOrderSort2 (0ms)
		AwakeInstancesAfterBackupRestoration (3ms)
Launching external process: /Applications/Unity/Hub/Editor/2023.2.20f1/Unity.app/Contents/Tools/UnityShaderCompiler
Launched and connected shader compiler UnityShaderCompiler after 0.04 seconds
Refreshing native plugins compatible for Editor in 0.43 ms, found 3 plugins.
Preloading 0 native plugins for Editor in 0.00 ms.
Unloading 62 Unused Serialized files (Serialized files now loaded: 0)
Unloading 4020 unused Assets / (1.3 MB). Loaded Objects now: 4635.
Memory consumption went from 127.4 MB to 126.1 MB.
Total: 4.365416 ms (FindLiveObjects: 0.365250 ms CreateObjectMapping: 0.113209 ms MarkObjects: 3.299875 ms  DeleteObjects: 0.586875 ms)

========================================================================
Received Import Request.
  Time since last request: 67240.890040 seconds.
  path: Assets/Samples/WebGLSpeechSynthesis/Prefabs/ButtonContinue.prefab
  artifactKey: Guid(a96d2b535fc696b44a9bb5fa96017133) Importer(815301076,1909f56bfc062723c751e8b465ee728b)
Start importing Assets/Samples/WebGLSpeechSynthesis/Prefabs/ButtonContinue.prefab using Guid(a96d2b535fc696b44a9bb5fa96017133) Importer(815301076,1909f56bfc062723c751e8b465ee728b) (PreviewImporter) -> (artifact id: 'b7bb2be43ea2286a267542d8e5cae024') in 0.020974167 seconds
Number of updated asset objects reloaded before import = 0Number of asset objects unloaded after import = 11

========================================================================
Received Import Request.
  Time since last request: 0.000077 seconds.
  path: Assets/Samples/WebGLSpeechSynthesis/Prefabs/ProxySpeechSynthesisPlugin.prefab
  artifactKey: Guid(859dc568627a1d94ab8d5591f8105f16) Importer(815301076,1909f56bfc062723c751e8b465ee728b)
Start importing Assets/Samples/WebGLSpeechSynthesis/Prefabs/ProxySpeechSynthesisPlugin.prefab using Guid(859dc568627a1d94ab8d5591f8105f16) Importer(815301076,1909f56bfc062723c751e8b465ee728b) (PreviewImporter) -> (artifact id: '78ae0b7137e73f31755aeb1cd83be161') in 0.001064833 seconds
Number of updated asset objects reloaded before import = 0Number of asset objects unloaded after import = 5

========================================================================
Received Import Request.
  Time since last request: 46.573890 seconds.
  path: Assets/Samples/WebGLSpeechSynthesis/Scripts/ISpeechSynthesisPlugin.cs
  artifactKey: Guid(73e6297dd74a2cc4f8d4a5359c31bfc7) Importer(815301076,1909f56bfc062723c751e8b465ee728b)
Start importing Assets/Samples/WebGLSpeechSynthesis/Scripts/ISpeechSynthesisPlugin.cs using Guid(73e6297dd74a2cc4f8d4a5359c31bfc7) Importer(815301076,1909f56bfc062723c751e8b465ee728b) (PreviewImporter) -> (artifact id: '3c6bd17f7e4186640f2c5635d48d25a8') in 0.000431667 seconds
Number of updated asset objects reloaded before import = 0Number of asset objects unloaded after import = 0

========================================================================
Received Import Request.
  Time since last request: 4.544918 seconds.
  path: Assets/Samples/WebGLSpeechSynthesis/Scripts/IWWW.cs
  artifactKey: Guid(8a2969491a51aa94da99a8134a734258) Importer(815301076,1909f56bfc062723c751e8b465ee728b)
Start importing Assets/Samples/WebGLSpeechSynthesis/Scripts/IWWW.cs using Guid(8a2969491a51aa94da99a8134a734258) Importer(815301076,1909f56bfc062723c751e8b465ee728b) (PreviewImporter) -> (artifact id: '504f76ecd63290d6fe48dd8390f8dd40') in 0.000248542 seconds
Number of updated asset objects reloaded before import = 0Number of asset objects unloaded after import = 0

========================================================================
Received Import Request.
  Time since last request: 1.595877 seconds.
  path: Assets/Samples/WebGLSpeechSynthesis/Scripts/WWWPlayMode.cs
  artifactKey: Guid(6731c2ca7c1adce45a4880c3c5cb98e2) Importer(815301076,1909f56bfc062723c751e8b465ee728b)
Start importing Assets/Samples/WebGLSpeechSynthesis/Scripts/WWWPlayMode.cs using Guid(6731c2ca7c1adce45a4880c3c5cb98e2) Importer(815301076,1909f56bfc062723c751e8b465ee728b) (PreviewImporter) -> (artifact id: '783ac9157431364d8025cad76bbc9aef') in 0.0002365 seconds
Number of updated asset objects reloaded before import = 0Number of asset objects unloaded after import = 0

========================================================================
Received Import Request.
  Time since last request: 17.910533 seconds.
  path: Assets/Samples/WebGLSpeechSynthesis/Scripts/WWWEditMode.cs
  artifactKey: Guid(967b0644f077e7641a0c167074111167) Importer(815301076,1909f56bfc062723c751e8b465ee728b)
Start importing Assets/Samples/WebGLSpeechSynthesis/Scripts/WWWEditMode.cs using Guid(967b0644f077e7641a0c167074111167) Importer(815301076,1909f56bfc062723c751e8b465ee728b) (PreviewImporter) -> (artifact id: 'cd9ef3193eec603dd3d784fcf008cac0') in 0.000244208 seconds
Number of updated asset objects reloaded before import = 0Number of asset objects unloaded after import = 0

========================================================================
Received Import Request.
  Time since last request: 30.174185 seconds.
  path: Assets/Samples/WebGLSpeechSynthesis/Scripts/SpeechSynthesisEvent.cs
  artifactKey: Guid(5ebc60d7df6a8784ba09c3c9e203908e) Importer(815301076,1909f56bfc062723c751e8b465ee728b)
Start importing Assets/Samples/WebGLSpeechSynthesis/Scripts/SpeechSynthesisEvent.cs using Guid(5ebc60d7df6a8784ba09c3c9e203908e) Importer(815301076,1909f56bfc062723c751e8b465ee728b) (PreviewImporter) -> (artifact id: '85c7e6a41d34e1d44600ff770bfbdd87') in 0.00024575 seconds
Number of updated asset objects reloaded before import = 0Number of asset objects unloaded after import = 0

========================================================================
Received Import Request.
  Time since last request: 1.285937 seconds.
  path: Assets/Samples/WebGLSpeechSynthesis/Scripts/SpeechProxyConfig.cs
  artifactKey: Guid(181c9bf7dbb688b47b218cc39693f7d9) Importer(815301076,1909f56bfc062723c751e8b465ee728b)
Start importing Assets/Samples/WebGLSpeechSynthesis/Scripts/SpeechProxyConfig.cs using Guid(181c9bf7dbb688b47b218cc39693f7d9) Importer(815301076,1909f56bfc062723c751e8b465ee728b) (PreviewImporter) -> (artifact id: 'be0221f094f6c17eac9af57c4e2af796') in 0.000237334 seconds
Number of updated asset objects reloaded before import = 0Number of asset objects unloaded after import = 0

========================================================================
Received Import Request.
  Time since last request: 3.635460 seconds.
  path: Assets/Samples/WebGLSpeechSynthesis/Scripts/SpeechSynthesisUtterance.cs
  artifactKey: Guid(d9aaddbba92f7924d8723fe0b1a4c089) Importer(815301076,1909f56bfc062723c751e8b465ee728b)
Start importing Assets/Samples/WebGLSpeechSynthesis/Scripts/SpeechSynthesisUtterance.cs using Guid(d9aaddbba92f7924d8723fe0b1a4c089) Importer(815301076,1909f56bfc062723c751e8b465ee728b) (PreviewImporter) -> (artifact id: '1b3b284582d63c0363aa4bb6ae41da5e') in 0.000222875 seconds
Number of updated asset objects reloaded before import = 0Number of asset objects unloaded after import = 0

========================================================================
Received Import Request.
  Time since last request: 1.507327 seconds.
  path: Assets/Samples/WebGLSpeechSynthesis/Scripts/SpeechSynthesisUtils.cs
  artifactKey: Guid(d9d6cbbbd77ad9e47b3874df70a764a8) Importer(815301076,1909f56bfc062723c751e8b465ee728b)
Start importing Assets/Samples/WebGLSpeechSynthesis/Scripts/SpeechSynthesisUtils.cs using Guid(d9d6cbbbd77ad9e47b3874df70a764a8) Importer(815301076,1909f56bfc062723c751e8b465ee728b) (PreviewImporter) -> (artifact id: '512c575f4592ab6623ada38c6f21e3e4') in 0.00048525 seconds
Number of updated asset objects reloaded before import = 0Number of asset objects unloaded after import = 0

